<?xml version="1.0" encoding="UTF-8"?>
<!-- Generated by org.testng.reporters.JUnitReportReporter -->
<testsuite skipped="0" hostname="Aruns-MacBook-Pro.local" name="com.qa.hubspot.tests.HomePageTest" tests="1" failures="0" timestamp="13 Feb 2020 00:10:34 GMT" time="5.031" errors="0">
  <testcase name="verfiyHomePageTitleTest" time="5.031" classname="com.qa.hubspot.tests.HomePageTest"/>
</testsuite> <!-- com.qa.hubspot.tests.HomePageTest -->
