<?xml version="1.0" encoding="UTF-8"?>
<!-- Generated by org.testng.reporters.JUnitReportReporter -->
<testsuite skipped="0" hostname="Aruns-MacBook-Pro.local" name="com.qa.hubspot.tests.HomePageTest" tests="2" failures="0" timestamp="15 Feb 2020 16:39:02 GMT" time="16.386" errors="0">
  <testcase name="verfiyHomePageTitleTest" time="5.662" classname="com.qa.hubspot.tests.HomePageTest"/>
  <testcase name="verfiyHomePageHeaderTest" time="10.724" classname="com.qa.hubspot.tests.HomePageTest"/>
</testsuite> <!-- com.qa.hubspot.tests.HomePageTest -->
