<?xml version="1.0" encoding="UTF-8"?>
<!-- Generated by org.testng.reporters.JUnitReportReporter -->
<testsuite skipped="1" hostname="Aruns-MacBook-Pro.local" name="com.qa.hubspot.tests.LoginPageTest" tests="4" failures="0" timestamp="10 Feb 2020 00:09:23 GMT" time="5.255" errors="0">
  <testcase name="verfiyLoginPageTitleTest" time="4.082" classname="com.qa.hubspot.tests.LoginPageTest"/>
  <testcase name="verfiySignUpLinkTest" time="0.596" classname="com.qa.hubspot.tests.LoginPageTest"/>
  <testcase name="loginTest" time="0.577" classname="com.qa.hubspot.tests.LoginPageTest"/>
  <testcase name="login_InvalidTestCases" classname="com.qa.hubspot.tests.LoginPageTest">
    <skipped/>
  </testcase> <!-- login_InvalidTestCases -->
</testsuite> <!-- com.qa.hubspot.tests.LoginPageTest -->
